SF:C:\Users\achollet\Documents\PersonnalWorkspace\DotNetCore\TUIAssessment\TUIAssessmentDAL\EntityToModelMapperService.cs
FN:10,TUIAssessmentBusiness.Models.AirportModel TUIAssessment.DAL.EntityToModelMapperService::ConvertToAirportModel(TUIAssessment.DAL.Entities.AirportEntity)
FNDA:0,TUIAssessmentBusiness.Models.AirportModel TUIAssessment.DAL.EntityToModelMapperService::ConvertToAirportModel(TUIAssessment.DAL.Entities.AirportEntity)
DA:11,0
DA:12,0
DA:13,0
DA:14,0
DA:15,0
DA:16,0
DA:17,0
DA:18,0
DA:19,0
FN:21,System.Collections.Generic.IEnumerable`1<TUIAssessmentBusiness.Models.AirportModel> TUIAssessment.DAL.EntityToModelMapperService::ConvertToAirportModels(System.Collections.Generic.IEnumerable`1<TUIAssessment.DAL.Entities.AirportEntity>)
FNDA:0,System.Collections.Generic.IEnumerable`1<TUIAssessmentBusiness.Models.AirportModel> TUIAssessment.DAL.EntityToModelMapperService::ConvertToAirportModels(System.Collections.Generic.IEnumerable`1<TUIAssessment.DAL.Entities.AirportEntity>)
DA:22,0
DA:23,0
DA:24,0
FN:26,TUIAssessment.DAL.Entities.FlightEntity TUIAssessment.DAL.EntityToModelMapperService::ConvertToFlightEntity(TUIAssessmentBusiness.Models.FlightModel)
FNDA:0,TUIAssessment.DAL.Entities.FlightEntity TUIAssessment.DAL.EntityToModelMapperService::ConvertToFlightEntity(TUIAssessmentBusiness.Models.FlightModel)
DA:27,0
DA:28,0
DA:29,0
DA:30,0
DA:31,0
DA:32,0
DA:33,0
DA:34,0
DA:35,0
DA:36,0
DA:37,0
DA:38,0
FN:40,TUIAssessmentBusiness.Models.FlightModel TUIAssessment.DAL.EntityToModelMapperService::ConvertToFlightModel(TUIAssessment.DAL.Entities.FlightEntity)
FNDA:0,TUIAssessmentBusiness.Models.FlightModel TUIAssessment.DAL.EntityToModelMapperService::ConvertToFlightModel(TUIAssessment.DAL.Entities.FlightEntity)
DA:41,0
DA:42,0
DA:43,0
DA:44,0
DA:45,0
DA:46,0
DA:47,0
DA:48,0
DA:49,0
DA:50,0
DA:51,0
DA:52,0
FN:54,System.Collections.Generic.IEnumerable`1<TUIAssessmentBusiness.Models.FlightModel> TUIAssessment.DAL.EntityToModelMapperService::ConvertToFlightModels(System.Collections.Generic.IEnumerable`1<TUIAssessment.DAL.Entities.FlightEntity>)
FNDA:0,System.Collections.Generic.IEnumerable`1<TUIAssessmentBusiness.Models.FlightModel> TUIAssessment.DAL.EntityToModelMapperService::ConvertToFlightModels(System.Collections.Generic.IEnumerable`1<TUIAssessment.DAL.Entities.FlightEntity>)
DA:55,0
DA:56,0
DA:57,0
LF:39
LH:0
BRF:0
BRH:0
FNF:5
FNH:0
end_of_record
SF:C:\Users\achollet\Documents\PersonnalWorkspace\DotNetCore\TUIAssessment\TUIAssessmentDAL\IServiceCollectionExtension.cs
FN:8,Microsoft.Extensions.DependencyInjection.IServiceCollection TUIAssessment.DAL.IServiceCollectionExtension::AddTUIAssessmentDALExtension(Microsoft.Extensions.DependencyInjection.IServiceCollection)
FNDA:0,Microsoft.Extensions.DependencyInjection.IServiceCollection TUIAssessment.DAL.IServiceCollectionExtension::AddTUIAssessmentDALExtension(Microsoft.Extensions.DependencyInjection.IServiceCollection)
DA:9,0
DA:10,0
DA:11,0
DA:12,0
DA:13,0
DA:15,0
DA:16,0
LF:7
LH:0
BRF:0
BRH:0
FNF:1
FNH:0
end_of_record
SF:C:\Users\achollet\Documents\PersonnalWorkspace\DotNetCore\TUIAssessment\TUIAssessmentDAL\SqlLiteAirportRepository.cs
FN:19,TUIAssessmentBusiness.Models.AirportModel TUIAssessment.DAL.SqlLiteAirportRepository::GetAirportModelByID(System.Int32)
FNDA:0,TUIAssessmentBusiness.Models.AirportModel TUIAssessment.DAL.SqlLiteAirportRepository::GetAirportModelByID(System.Int32)
DA:20,0
DA:21,0
DA:22,0
DA:23,0
DA:24,0
FN:26,System.Collections.Generic.IEnumerable`1<TUIAssessmentBusiness.Models.AirportModel> TUIAssessment.DAL.SqlLiteAirportRepository::GetAirportModels()
FNDA:0,System.Collections.Generic.IEnumerable`1<TUIAssessmentBusiness.Models.AirportModel> TUIAssessment.DAL.SqlLiteAirportRepository::GetAirportModels()
DA:27,0
DA:28,0
DA:29,0
DA:30,0
DA:31,0
FN:12,System.Void TUIAssessment.DAL.SqlLiteAirportRepository::.ctor(TUIAssessment.DAL.ITUIAssessmentDAL,TUIAssessment.DAL.IEntityToModelMapperService)
FNDA:0,System.Void TUIAssessment.DAL.SqlLiteAirportRepository::.ctor(TUIAssessment.DAL.ITUIAssessmentDAL,TUIAssessment.DAL.IEntityToModelMapperService)
DA:13,0
DA:14,0
DA:15,0
DA:16,0
DA:17,0
LF:15
LH:0
BRF:0
BRH:0
FNF:3
FNH:0
end_of_record
SF:C:\Users\achollet\Documents\PersonnalWorkspace\DotNetCore\TUIAssessment\TUIAssessmentDAL\SqlLiteFlightRepository.cs
FN:19,TUIAssessmentBusiness.Models.FlightModel TUIAssessment.DAL.SqlLiteFlightRepository::GetFlightByID(System.Int32)
FNDA:0,TUIAssessmentBusiness.Models.FlightModel TUIAssessment.DAL.SqlLiteFlightRepository::GetFlightByID(System.Int32)
DA:20,0
DA:21,0
DA:22,0
DA:23,0
DA:24,0
FN:26,System.Collections.Generic.IEnumerable`1<TUIAssessmentBusiness.Models.FlightModel> TUIAssessment.DAL.SqlLiteFlightRepository::GetFlights()
FNDA:0,System.Collections.Generic.IEnumerable`1<TUIAssessmentBusiness.Models.FlightModel> TUIAssessment.DAL.SqlLiteFlightRepository::GetFlights()
DA:27,0
DA:28,0
DA:29,0
DA:30,0
DA:31,0
FN:33,System.Boolean TUIAssessment.DAL.SqlLiteFlightRepository::RemoveFlightByID(System.Int32)
FNDA:0,System.Boolean TUIAssessment.DAL.SqlLiteFlightRepository::RemoveFlightByID(System.Int32)
DA:34,0
DA:35,0
DA:36,0
FN:38,System.Boolean TUIAssessment.DAL.SqlLiteFlightRepository::SaveFlight(TUIAssessmentBusiness.Models.FlightModel)
FNDA:0,System.Boolean TUIAssessment.DAL.SqlLiteFlightRepository::SaveFlight(TUIAssessmentBusiness.Models.FlightModel)
DA:39,0
DA:40,0
DA:41,0
DA:42,0
FN:44,TUIAssessmentBusiness.Models.FlightModel TUIAssessment.DAL.SqlLiteFlightRepository::UpdateFlight(TUIAssessmentBusiness.Models.FlightModel)
FNDA:0,TUIAssessmentBusiness.Models.FlightModel TUIAssessment.DAL.SqlLiteFlightRepository::UpdateFlight(TUIAssessmentBusiness.Models.FlightModel)
DA:45,0
DA:46,0
DA:47,0
DA:48,0
DA:49,0
DA:50,0
FN:12,System.Void TUIAssessment.DAL.SqlLiteFlightRepository::.ctor(TUIAssessment.DAL.ITUIAssessmentDAL,TUIAssessment.DAL.IEntityToModelMapperService)
FNDA:0,System.Void TUIAssessment.DAL.SqlLiteFlightRepository::.ctor(TUIAssessment.DAL.ITUIAssessmentDAL,TUIAssessment.DAL.IEntityToModelMapperService)
DA:13,0
DA:14,0
DA:15,0
DA:16,0
DA:17,0
LF:28
LH:0
BRF:0
BRH:0
FNF:6
FNH:0
end_of_record
SF:C:\Users\achollet\Documents\PersonnalWorkspace\DotNetCore\TUIAssessment\TUIAssessmentDAL\TUIAssessmentDAL.cs
FN:17,System.Boolean TUIAssessment.DAL.TUIAssessmentDAL::DeleteFlightEntityByID(System.Int32)
FNDA:0,System.Boolean TUIAssessment.DAL.TUIAssessmentDAL::DeleteFlightEntityByID(System.Int32)
DA:18,0
DA:19,0
DA:20,0
DA:21,0
DA:22,0
FN:24,System.Collections.Generic.IEnumerable`1<TUIAssessment.DAL.Entities.AirportEntity> TUIAssessment.DAL.TUIAssessmentDAL::GetAirportEntities()
FNDA:0,System.Collections.Generic.IEnumerable`1<TUIAssessment.DAL.Entities.AirportEntity> TUIAssessment.DAL.TUIAssessmentDAL::GetAirportEntities()
DA:25,0
DA:26,0
DA:27,0
FN:29,TUIAssessment.DAL.Entities.AirportEntity TUIAssessment.DAL.TUIAssessmentDAL::GetAirportEntityByID(System.Int32)
FNDA:0,TUIAssessment.DAL.Entities.AirportEntity TUIAssessment.DAL.TUIAssessmentDAL::GetAirportEntityByID(System.Int32)
DA:30,0
DA:31,0
DA:32,0
FN:34,System.Collections.Generic.IEnumerable`1<TUIAssessment.DAL.Entities.FlightEntity> TUIAssessment.DAL.TUIAssessmentDAL::GetFlightEntities()
FNDA:0,System.Collections.Generic.IEnumerable`1<TUIAssessment.DAL.Entities.FlightEntity> TUIAssessment.DAL.TUIAssessmentDAL::GetFlightEntities()
DA:35,0
DA:36,0
DA:37,0
FN:39,TUIAssessment.DAL.Entities.FlightEntity TUIAssessment.DAL.TUIAssessmentDAL::GetFlightEntityByID(System.Int32)
FNDA:0,TUIAssessment.DAL.Entities.FlightEntity TUIAssessment.DAL.TUIAssessmentDAL::GetFlightEntityByID(System.Int32)
DA:40,0
DA:41,0
DA:42,0
FN:44,System.Boolean TUIAssessment.DAL.TUIAssessmentDAL::SaveFlightEntity(TUIAssessment.DAL.Entities.FlightEntity)
FNDA:0,System.Boolean TUIAssessment.DAL.TUIAssessmentDAL::SaveFlightEntity(TUIAssessment.DAL.Entities.FlightEntity)
DA:45,0
DA:46,0
DA:47,0
DA:48,0
DA:49,0
FN:51,System.Boolean TUIAssessment.DAL.TUIAssessmentDAL::UpdateFlightEntity(TUIAssessment.DAL.Entities.FlightEntity)
FNDA:0,System.Boolean TUIAssessment.DAL.TUIAssessmentDAL::UpdateFlightEntity(TUIAssessment.DAL.Entities.FlightEntity)
DA:52,0
DA:53,0
DA:55,0
DA:56,0
DA:57,0
DA:58,0
DA:59,0
DA:60,0
DA:62,0
DA:63,0
FN:11,System.Void TUIAssessment.DAL.TUIAssessmentDAL::.ctor(TUIAssessment.DAL.TUIAssessmentDALContext)
FNDA:0,System.Void TUIAssessment.DAL.TUIAssessmentDAL::.ctor(TUIAssessment.DAL.TUIAssessmentDALContext)
DA:12,0
DA:13,0
DA:14,0
DA:15,0
LF:36
LH:0
BRF:0
BRH:0
FNF:8
FNH:0
end_of_record
SF:C:\Users\achollet\Documents\PersonnalWorkspace\DotNetCore\TUIAssessment\TUIAssessmentDAL\TUIAssessmentDALContext.cs
FN:7,Microsoft.EntityFrameworkCore.DbSet`1<TUIAssessment.DAL.Entities.AirportEntity> TUIAssessment.DAL.TUIAssessmentDALContext::get_Airports()
FNDA:0,Microsoft.EntityFrameworkCore.DbSet`1<TUIAssessment.DAL.Entities.AirportEntity> TUIAssessment.DAL.TUIAssessmentDALContext::get_Airports()
DA:8,0
FN:8,Microsoft.EntityFrameworkCore.DbSet`1<TUIAssessment.DAL.Entities.FlightEntity> TUIAssessment.DAL.TUIAssessmentDALContext::get_Flights()
FNDA:0,Microsoft.EntityFrameworkCore.DbSet`1<TUIAssessment.DAL.Entities.FlightEntity> TUIAssessment.DAL.TUIAssessmentDALContext::get_Flights()
DA:9,0
FN:12,System.Void TUIAssessment.DAL.TUIAssessmentDALContext::OnModelCreating(Microsoft.EntityFrameworkCore.ModelBuilder)
FNDA:0,System.Void TUIAssessment.DAL.TUIAssessmentDALContext::OnModelCreating(Microsoft.EntityFrameworkCore.ModelBuilder)
DA:13,0
DA:14,0
DA:15,0
DA:17,0
DA:18,0
DA:22,0
DA:23,0
DA:24,0
DA:25,0
DA:26,0
DA:27,0
DA:28,0
DA:29,0
DA:30,0
DA:31,0
DA:32,0
DA:33,0
DA:34,0
DA:35,0
DA:36,0
DA:37,0
DA:38,0
DA:39,0
DA:40,0
DA:41,0
DA:42,0
DA:43,0
DA:46,0
FN:10,System.Void TUIAssessment.DAL.TUIAssessmentDALContext::.ctor(Microsoft.EntityFrameworkCore.DbContextOptions`1<TUIAssessment.DAL.TUIAssessmentDALContext>)
FNDA:0,System.Void TUIAssessment.DAL.TUIAssessmentDALContext::.ctor(Microsoft.EntityFrameworkCore.DbContextOptions`1<TUIAssessment.DAL.TUIAssessmentDALContext>)
DA:11,0
LF:31
LH:0
BRF:0
BRH:0
FNF:4
FNH:0
end_of_record
SF:C:\Users\achollet\Documents\PersonnalWorkspace\DotNetCore\TUIAssessment\TUIAssessmentDAL\Entities\AirportEntity.cs
FN:9,System.Int32 TUIAssessment.DAL.Entities.AirportEntity::get_Id()
FNDA:0,System.Int32 TUIAssessment.DAL.Entities.AirportEntity::get_Id()
DA:10,0
FN:11,System.String TUIAssessment.DAL.Entities.AirportEntity::get_Code()
FNDA:0,System.String TUIAssessment.DAL.Entities.AirportEntity::get_Code()
DA:12,0
FN:13,System.String TUIAssessment.DAL.Entities.AirportEntity::get_Name()
FNDA:0,System.String TUIAssessment.DAL.Entities.AirportEntity::get_Name()
DA:14,0
FN:15,System.Double TUIAssessment.DAL.Entities.AirportEntity::get_Latitude()
FNDA:0,System.Double TUIAssessment.DAL.Entities.AirportEntity::get_Latitude()
DA:16,0
FN:17,System.Double TUIAssessment.DAL.Entities.AirportEntity::get_Longitude()
FNDA:0,System.Double TUIAssessment.DAL.Entities.AirportEntity::get_Longitude()
DA:18,0
LF:5
LH:0
BRF:0
BRH:0
FNF:5
FNH:0
end_of_record
SF:C:\Users\achollet\Documents\PersonnalWorkspace\DotNetCore\TUIAssessment\TUIAssessmentDAL\Entities\FlightEntity.cs
FN:11,System.Int32 TUIAssessment.DAL.Entities.FlightEntity::get_Id()
FNDA:0,System.Int32 TUIAssessment.DAL.Entities.FlightEntity::get_Id()
DA:12,0
FN:12,System.Int32 TUIAssessment.DAL.Entities.FlightEntity::get_DepartureAirportId()
FNDA:0,System.Int32 TUIAssessment.DAL.Entities.FlightEntity::get_DepartureAirportId()
DA:13,0
FN:13,System.Int32 TUIAssessment.DAL.Entities.FlightEntity::get_ArrivalAirportId()
FNDA:0,System.Int32 TUIAssessment.DAL.Entities.FlightEntity::get_ArrivalAirportId()
DA:14,0
FN:14,System.Double TUIAssessment.DAL.Entities.FlightEntity::get_Distance()
FNDA:0,System.Double TUIAssessment.DAL.Entities.FlightEntity::get_Distance()
DA:15,0
FN:15,System.Double TUIAssessment.DAL.Entities.FlightEntity::get_TimeOfFlight()
FNDA:0,System.Double TUIAssessment.DAL.Entities.FlightEntity::get_TimeOfFlight()
DA:16,0
FN:16,System.Double TUIAssessment.DAL.Entities.FlightEntity::get_FuelQuantity()
FNDA:0,System.Double TUIAssessment.DAL.Entities.FlightEntity::get_FuelQuantity()
DA:17,0
FN:17,System.DateTime TUIAssessment.DAL.Entities.FlightEntity::get_Creation()
FNDA:0,System.DateTime TUIAssessment.DAL.Entities.FlightEntity::get_Creation()
DA:18,0
FN:18,System.DateTime TUIAssessment.DAL.Entities.FlightEntity::get_Update()
FNDA:0,System.DateTime TUIAssessment.DAL.Entities.FlightEntity::get_Update()
DA:19,0
LF:8
LH:0
BRF:0
BRH:0
FNF:8
FNH:0
end_of_record
SF:C:\Users\achollet\Documents\PersonnalWorkspace\DotNetCore\TUIAssessment\TUIAssessmentWeb\Program.cs
FN:15,System.Void TUIAssessment.Web.Program::Main(System.String[])
FNDA:0,System.Void TUIAssessment.Web.Program::Main(System.String[])
DA:16,0
DA:17,0
DA:18,0
FN:20,Microsoft.AspNetCore.Hosting.IWebHost TUIAssessment.Web.Program::BuildWebHost(System.String[])
FNDA:0,Microsoft.AspNetCore.Hosting.IWebHost TUIAssessment.Web.Program::BuildWebHost(System.String[])
DA:21,0
DA:22,0
DA:23,0
LF:6
LH:0
BRF:0
BRH:0
FNF:2
FNH:0
end_of_record
SF:C:\Users\achollet\Documents\PersonnalWorkspace\DotNetCore\TUIAssessment\TUIAssessmentWeb\Startup.cs
FN:22,Microsoft.Extensions.Configuration.IConfiguration TUIAssessment.Web.Startup::get_Configuration()
FNDA:0,Microsoft.Extensions.Configuration.IConfiguration TUIAssessment.Web.Startup::get_Configuration()
DA:23,0
FN:26,System.Void TUIAssessment.Web.Startup::ConfigureServices(Microsoft.Extensions.DependencyInjection.IServiceCollection)
FNDA:0,System.Void TUIAssessment.Web.Startup::ConfigureServices(Microsoft.Extensions.DependencyInjection.IServiceCollection)
DA:27,0
DA:28,0
DA:29,0
DA:30,0
DA:33,0
DA:35,0
DA:36,0
FN:39,System.Void TUIAssessment.Web.Startup::Configure(Microsoft.AspNetCore.Builder.IApplicationBuilder,Microsoft.AspNetCore.Hosting.IHostingEnvironment)
FNDA:0,System.Void TUIAssessment.Web.Startup::Configure(Microsoft.AspNetCore.Builder.IApplicationBuilder,Microsoft.AspNetCore.Hosting.IHostingEnvironment)
DA:40,0
DA:41,0
DA:42,0
DA:43,0
DA:44,0
DA:45,0
DA:46,0
DA:47,0
DA:48,0
DA:50,0
DA:51,0
DA:52,0
DA:54,0
DA:56,0
DA:57,0
DA:58,0
DA:59,0
DA:60,0
DA:61,0
DA:62,0
DA:63,0
DA:64,0
DA:65,0
DA:66,0
BRDA:41,9,0,0
BRDA:41,9,1,0
BRDA:56,70,0,0
BRDA:56,70,1,0
FN:17,System.Void TUIAssessment.Web.Startup::.ctor(Microsoft.Extensions.Configuration.IConfiguration)
FNDA:0,System.Void TUIAssessment.Web.Startup::.ctor(Microsoft.Extensions.Configuration.IConfiguration)
DA:18,0
DA:19,0
DA:20,0
DA:21,0
LF:36
LH:0
BRF:6
BRH:0
FNF:4
FNH:0
end_of_record
SF:C:\Users\achollet\Documents\PersonnalWorkspace\DotNetCore\TUIAssessment\TUIAssessmentWeb\Models\AirportViewModel.cs
FN:4,System.String TUIAssessment.Web.Models.AirportViewModel::get_Code()
FNDA:22,System.String TUIAssessment.Web.Models.AirportViewModel::get_Code()
DA:5,22
FN:5,System.String TUIAssessment.Web.Models.AirportViewModel::get_Name()
FNDA:42,System.String TUIAssessment.Web.Models.AirportViewModel::get_Name()
DA:6,42
FN:7,System.Void TUIAssessment.Web.Models.AirportViewModel::.ctor(System.String,System.String)
FNDA:11,System.Void TUIAssessment.Web.Models.AirportViewModel::.ctor(System.String,System.String)
DA:8,11
DA:9,11
DA:10,11
DA:11,11
DA:12,11
LF:7
LH:7
BRF:0
BRH:0
FNF:3
FNH:3
end_of_record
SF:C:\Users\achollet\Documents\PersonnalWorkspace\DotNetCore\TUIAssessment\TUIAssessmentWeb\Models\FlightViewModel.cs
FN:6,System.Int32 TUIAssessment.Web.Models.FlightViewModel::get_Id()
FNDA:6,System.Int32 TUIAssessment.Web.Models.FlightViewModel::get_Id()
DA:7,6
FN:7,System.String TUIAssessment.Web.Models.FlightViewModel::get_DepartureAirportCode()
FNDA:6,System.String TUIAssessment.Web.Models.FlightViewModel::get_DepartureAirportCode()
DA:8,6
FN:8,System.String TUIAssessment.Web.Models.FlightViewModel::get_ArrivalAirportCode()
FNDA:10,System.String TUIAssessment.Web.Models.FlightViewModel::get_ArrivalAirportCode()
DA:9,10
FN:9,System.Double TUIAssessment.Web.Models.FlightViewModel::get_Distance()
FNDA:6,System.Double TUIAssessment.Web.Models.FlightViewModel::get_Distance()
DA:10,6
FN:10,System.String TUIAssessment.Web.Models.FlightViewModel::get_TimeOfFlight()
FNDA:6,System.String TUIAssessment.Web.Models.FlightViewModel::get_TimeOfFlight()
DA:11,6
FN:11,System.Double TUIAssessment.Web.Models.FlightViewModel::get_VolumeOfCarburant()
FNDA:6,System.Double TUIAssessment.Web.Models.FlightViewModel::get_VolumeOfCarburant()
DA:12,6
FN:12,System.DateTime TUIAssessment.Web.Models.FlightViewModel::get_CreationDate()
FNDA:6,System.DateTime TUIAssessment.Web.Models.FlightViewModel::get_CreationDate()
DA:13,6
FN:13,System.DateTime TUIAssessment.Web.Models.FlightViewModel::get_UpdateDate()
FNDA:1,System.DateTime TUIAssessment.Web.Models.FlightViewModel::get_UpdateDate()
DA:14,1
LF:8
LH:8
BRF:0
BRH:0
FNF:8
FNH:8
end_of_record
SF:C:\Users\achollet\Documents\PersonnalWorkspace\DotNetCore\TUIAssessment\TUIAssessmentWeb\Migrations\20181114125725_InitialCreate.cs
FN:8,System.Void TUIAssessment.Web.Migrations.InitialCreate::Up(Microsoft.EntityFrameworkCore.Migrations.MigrationBuilder)
FNDA:0,System.Void TUIAssessment.Web.Migrations.InitialCreate::Up(Microsoft.EntityFrameworkCore.Migrations.MigrationBuilder)
DA:9,0
DA:10,0
DA:11,0
DA:12,0
DA:13,0
DA:14,0
DA:15,0
DA:16,0
DA:17,0
DA:18,0
DA:19,0
DA:20,0
DA:21,0
DA:22,0
DA:23,0
DA:24,0
DA:26,0
DA:27,0
DA:28,0
DA:29,0
DA:30,0
DA:31,0
DA:32,0
DA:33,0
DA:34,0
DA:35,0
DA:36,0
DA:37,0
DA:38,0
DA:39,0
DA:40,0
DA:41,0
DA:42,0
DA:43,0
DA:45,0
DA:46,0
DA:47,0
DA:48,0
DA:50,0
DA:51,0
DA:52,0
DA:53,0
DA:55,0
DA:56,0
DA:57,0
DA:58,0
DA:60,0
DA:61,0
DA:62,0
DA:63,0
DA:65,0
DA:66,0
DA:67,0
DA:68,0
DA:70,0
DA:71,0
DA:72,0
DA:73,0
DA:75,0
DA:76,0
DA:77,0
DA:78,0
DA:80,0
DA:81,0
DA:82,0
DA:83,0
DA:85,0
DA:86,0
DA:87,0
DA:88,0
DA:90,0
DA:91,0
DA:92,0
DA:93,0
DA:95,0
DA:96,0
DA:97,0
DA:98,0
DA:100,0
DA:101,0
DA:102,0
DA:103,0
DA:105,0
DA:106,0
DA:107,0
DA:108,0
DA:110,0
DA:111,0
DA:112,0
DA:113,0
DA:115,0
DA:116,0
DA:117,0
DA:118,0
DA:120,0
DA:121,0
DA:122,0
DA:123,0
DA:125,0
DA:126,0
DA:127,0
DA:128,0
DA:130,0
DA:131,0
DA:132,0
DA:133,0
DA:135,0
DA:136,0
DA:137,0
DA:138,0
DA:140,0
DA:141,0
DA:142,0
DA:143,0
DA:145,0
DA:146,0
DA:147,0
DA:148,0
DA:150,0
DA:151,0
DA:152,0
DA:153,0
DA:155,0
DA:156,0
DA:157,0
DA:158,0
DA:160,0
DA:161,0
DA:162,0
DA:163,0
DA:164,0
BRDA:10,13,0,0
BRDA:10,13,1,0
BRDA:10,45,0,0
BRDA:10,45,1,0
BRDA:26,88,0,0
BRDA:26,88,1,0
BRDA:26,120,0,0
BRDA:26,120,1,0
FN:166,System.Void TUIAssessment.Web.Migrations.InitialCreate::Down(Microsoft.EntityFrameworkCore.Migrations.MigrationBuilder)
FNDA:0,System.Void TUIAssessment.Web.Migrations.InitialCreate::Down(Microsoft.EntityFrameworkCore.Migrations.MigrationBuilder)
DA:167,0
DA:168,0
DA:169,0
DA:171,0
DA:172,0
DA:173,0
LF:137
LH:0
BRF:8
BRH:0
FNF:2
FNH:0
end_of_record
SF:C:\Users\achollet\Documents\PersonnalWorkspace\DotNetCore\TUIAssessment\TUIAssessmentWeb\Migrations\20181114125725_InitialCreate.Designer.cs
FN:15,System.Void TUIAssessment.Web.Migrations.InitialCreate::BuildTargetModel(Microsoft.EntityFrameworkCore.ModelBuilder)
FNDA:0,System.Void TUIAssessment.Web.Migrations.InitialCreate::BuildTargetModel(Microsoft.EntityFrameworkCore.ModelBuilder)
DA:16,0
DA:18,0
DA:19,0
DA:21,0
DA:22,0
DA:23,0
DA:24,0
DA:25,0
DA:26,0
DA:27,0
DA:28,0
DA:29,0
DA:30,0
DA:31,0
DA:32,0
DA:33,0
DA:34,0
DA:35,0
DA:36,0
DA:37,0
DA:38,0
DA:39,0
DA:40,0
DA:41,0
DA:42,0
DA:43,0
DA:44,0
DA:45,0
DA:46,0
DA:47,0
DA:48,0
DA:49,0
DA:50,0
DA:51,0
DA:52,0
DA:53,0
DA:54,0
DA:55,0
DA:56,0
DA:57,0
DA:58,0
DA:59,0
DA:60,0
DA:61,0
DA:62,0
DA:63,0
DA:64,0
DA:65,0
DA:66,0
DA:67,0
DA:68,0
DA:70,0
DA:71,0
DA:72,0
DA:73,0
DA:74,0
DA:75,0
DA:76,0
DA:77,0
DA:78,0
DA:79,0
DA:80,0
DA:81,0
DA:82,0
DA:83,0
DA:84,0
DA:85,0
DA:86,0
DA:87,0
DA:88,0
DA:89,0
DA:90,0
DA:91,0
DA:92,0
DA:93,0
DA:94,0
DA:95,0
DA:96,0
DA:97,0
DA:98,0
DA:100,0
BRDA:21,30,0,0
BRDA:21,30,1,0
BRDA:70,73,0,0
BRDA:70,73,1,0
LF:81
LH:0
BRF:4
BRH:0
FNF:1
FNH:0
end_of_record
SF:C:\Users\achollet\Documents\PersonnalWorkspace\DotNetCore\TUIAssessment\TUIAssessmentWeb\Migrations\TUIAssessmentDALContextModelSnapshot.cs
FN:13,System.Void TUIAssessment.Web.Migrations.TUIAssessmentDALContextModelSnapshot::BuildModel(Microsoft.EntityFrameworkCore.ModelBuilder)
FNDA:0,System.Void TUIAssessment.Web.Migrations.TUIAssessmentDALContextModelSnapshot::BuildModel(Microsoft.EntityFrameworkCore.ModelBuilder)
DA:14,0
DA:16,0
DA:17,0
DA:19,0
DA:20,0
DA:21,0
DA:22,0
DA:23,0
DA:24,0
DA:25,0
DA:26,0
DA:27,0
DA:28,0
DA:29,0
DA:30,0
DA:31,0
DA:32,0
DA:33,0
DA:34,0
DA:35,0
DA:36,0
DA:37,0
DA:38,0
DA:39,0
DA:40,0
DA:41,0
DA:42,0
DA:43,0
DA:44,0
DA:45,0
DA:46,0
DA:47,0
DA:48,0
DA:49,0
DA:50,0
DA:51,0
DA:52,0
DA:53,0
DA:54,0
DA:55,0
DA:56,0
DA:57,0
DA:58,0
DA:59,0
DA:60,0
DA:61,0
DA:62,0
DA:63,0
DA:64,0
DA:65,0
DA:66,0
DA:68,0
DA:69,0
DA:70,0
DA:71,0
DA:72,0
DA:73,0
DA:74,0
DA:75,0
DA:76,0
DA:77,0
DA:78,0
DA:79,0
DA:80,0
DA:81,0
DA:82,0
DA:83,0
DA:84,0
DA:85,0
DA:86,0
DA:87,0
DA:88,0
DA:89,0
DA:90,0
DA:91,0
DA:92,0
DA:93,0
DA:94,0
DA:95,0
DA:96,0
DA:98,0
BRDA:19,30,0,0
BRDA:19,30,1,0
BRDA:68,73,0,0
BRDA:68,73,1,0
LF:81
LH:0
BRF:4
BRH:0
FNF:1
FNH:0
end_of_record
SF:C:\Users\achollet\Documents\PersonnalWorkspace\DotNetCore\TUIAssessment\TUIAssessmentWeb\Controllers\FlightCreatorController.cs
FN:25,Microsoft.AspNetCore.Mvc.IActionResult TUIAssessment.Web.Controllers.FlightCreatorController::GetAirports()
FNDA:0,Microsoft.AspNetCore.Mvc.IActionResult TUIAssessment.Web.Controllers.FlightCreatorController::GetAirports()
DA:26,0
DA:27,0
DA:29,0
DA:30,0
DA:32,0
DA:33,0
BRDA:29,24,0,0
BRDA:29,24,1,0
FN:36,Microsoft.AspNetCore.Mvc.IActionResult TUIAssessment.Web.Controllers.FlightCreatorController::CreateFlight(System.Int32,System.Int32)
FNDA:0,Microsoft.AspNetCore.Mvc.IActionResult TUIAssessment.Web.Controllers.FlightCreatorController::CreateFlight(System.Int32,System.Int32)
DA:37,0
DA:38,0
DA:39,0
DA:41,0
DA:43,0
DA:44,0
DA:46,0
DA:48,0
DA:49,0
BRDA:38,3,0,0
BRDA:38,3,1,0
BRDA:38,14,0,0
BRDA:38,14,1,0
BRDA:43,47,0,0
BRDA:43,47,1,0
FN:52,Microsoft.AspNetCore.Mvc.IActionResult TUIAssessment.Web.Controllers.FlightCreatorController::DeleteFlight(System.Int32)
FNDA:0,Microsoft.AspNetCore.Mvc.IActionResult TUIAssessment.Web.Controllers.FlightCreatorController::DeleteFlight(System.Int32)
DA:53,0
DA:54,0
DA:55,0
DA:57,0
DA:58,0
BRDA:54,7,0,0
BRDA:54,7,1,0
FN:61,Microsoft.AspNetCore.Mvc.IActionResult TUIAssessment.Web.Controllers.FlightCreatorController::UpdatedFlight(TUIAssessment.Web.Models.FlightViewModel)
FNDA:0,Microsoft.AspNetCore.Mvc.IActionResult TUIAssessment.Web.Controllers.FlightCreatorController::UpdatedFlight(TUIAssessment.Web.Models.FlightViewModel)
DA:62,0
DA:63,0
DA:64,0
DA:66,0
DA:68,0
DA:70,0
DA:71,0
DA:73,0
DA:74,0
BRDA:63,12,0,0
BRDA:63,12,1,0
BRDA:63,30,0,0
BRDA:63,30,1,0
BRDA:70,75,0,0
BRDA:70,75,1,0
FN:14,System.Void TUIAssessment.Web.Controllers.FlightCreatorController::.ctor(TUIAssessment.Web.Controllers.IAirportViewModelBuilder,TUIAssessment.Web.Controllers.IFlightViewModelBuilder,TUIAssessmentBusiness.Interfaces.IFlightBusiness)
FNDA:0,System.Void TUIAssessment.Web.Controllers.FlightCreatorController::.ctor(TUIAssessment.Web.Controllers.IAirportViewModelBuilder,TUIAssessment.Web.Controllers.IFlightViewModelBuilder,TUIAssessmentBusiness.Interfaces.IFlightBusiness)
DA:15,0
DA:16,0
DA:17,0
DA:18,0
DA:19,0
DA:20,0
DA:21,0
DA:22,0
LF:37
LH:0
BRF:16
BRH:0
FNF:5
FNH:0
end_of_record
SF:C:\Users\achollet\Documents\PersonnalWorkspace\DotNetCore\TUIAssessment\TUIAssessmentWeb\Controllers\FlightsReportController.cs
FN:17,Microsoft.AspNetCore.Mvc.IActionResult TUIAssessment.Web.Controllers.FlightsReportController::GetReport()
FNDA:0,Microsoft.AspNetCore.Mvc.IActionResult TUIAssessment.Web.Controllers.FlightsReportController::GetReport()
DA:18,0
DA:19,0
DA:21,0
DA:22,0
DA:24,0
DA:25,0
BRDA:21,24,0,0
BRDA:21,24,1,0
FN:10,System.Void TUIAssessment.Web.Controllers.FlightsReportController::.ctor(TUIAssessment.Web.Controllers.IFlightViewModelBuilder)
FNDA:0,System.Void TUIAssessment.Web.Controllers.FlightsReportController::.ctor(TUIAssessment.Web.Controllers.IFlightViewModelBuilder)
DA:11,0
DA:12,0
DA:13,0
DA:14,0
LF:10
LH:0
BRF:2
BRH:0
FNF:2
FNH:0
end_of_record
SF:C:\Users\achollet\Documents\PersonnalWorkspace\DotNetCore\TUIAssessment\TUIAssessmentWeb\Controllers\HomeController.cs
FN:12,Microsoft.AspNetCore.Mvc.IActionResult TUIAssessment.Web.Controllers.HomeController::Index()
FNDA:0,Microsoft.AspNetCore.Mvc.IActionResult TUIAssessment.Web.Controllers.HomeController::Index()
DA:13,0
DA:14,0
DA:15,0
FN:17,Microsoft.AspNetCore.Mvc.IActionResult TUIAssessment.Web.Controllers.HomeController::Error()
FNDA:0,Microsoft.AspNetCore.Mvc.IActionResult TUIAssessment.Web.Controllers.HomeController::Error()
DA:18,0
DA:19,0
DA:20,0
DA:21,0
BRDA:19,18,0,0
BRDA:19,18,1,0
BRDA:19,30,0,0
BRDA:19,30,1,0
LF:7
LH:0
BRF:4
BRH:0
FNF:2
FNH:0
end_of_record
SF:C:\Users\achollet\Documents\PersonnalWorkspace\DotNetCore\TUIAssessment\TUIAssessmentWeb\Controllers\AirportViewModelBuilder.cs
FN:19,System.Collections.Generic.IEnumerable`1<TUIAssessment.Web.Models.AirportViewModel> TUIAssessmentWeb.Controllers.AirportViewModelBuilder::BuildAirportList()
FNDA:3,System.Collections.Generic.IEnumerable`1<TUIAssessment.Web.Models.AirportViewModel> TUIAssessmentWeb.Controllers.AirportViewModelBuilder::BuildAirportList()
DA:20,3
DA:21,3
DA:23,9
DA:24,3
BRDA:23,20,0,1
BRDA:23,20,1,3
FN:13,System.Void TUIAssessmentWeb.Controllers.AirportViewModelBuilder::.ctor(TUIAssessmentBusiness.Interfaces.IAirportBusiness)
FNDA:3,System.Void TUIAssessmentWeb.Controllers.AirportViewModelBuilder::.ctor(TUIAssessmentBusiness.Interfaces.IAirportBusiness)
DA:14,3
DA:15,3
DA:16,3
DA:17,3
LF:8
LH:8
BRF:2
BRH:2
FNF:2
FNH:2
end_of_record
SF:C:\Users\achollet\Documents\PersonnalWorkspace\DotNetCore\TUIAssessment\TUIAssessmentWeb\Controllers\FlightViewModelBuilder.cs
FN:21,TUIAssessment.Web.Models.FlightViewModel TUIAssessmentWeb.Controllers.FlightViewModelBuilder::Build(TUIAssessmentBusiness.Models.FlightModel)
FNDA:1,TUIAssessment.Web.Models.FlightViewModel TUIAssessmentWeb.Controllers.FlightViewModelBuilder::Build(TUIAssessmentBusiness.Models.FlightModel)
DA:22,1
DA:23,1
DA:24,1
DA:25,1
DA:26,1
DA:27,1
DA:28,1
DA:29,1
DA:30,1
DA:31,1
FN:32,System.Collections.Generic.IEnumerable`1<TUIAssessment.Web.Models.FlightViewModel> TUIAssessmentWeb.Controllers.FlightViewModelBuilder::BuildFlightViewModels()
FNDA:0,System.Collections.Generic.IEnumerable`1<TUIAssessment.Web.Models.FlightViewModel> TUIAssessmentWeb.Controllers.FlightViewModelBuilder::BuildFlightViewModels()
DA:33,0
FN:35,TUIAssessmentBusiness.Models.FlightModel TUIAssessmentWeb.Controllers.FlightViewModelBuilder::ConvertFlightViewModelToFlightModel(TUIAssessment.Web.Models.FlightViewModel)
FNDA:1,TUIAssessmentBusiness.Models.FlightModel TUIAssessmentWeb.Controllers.FlightViewModelBuilder::ConvertFlightViewModelToFlightModel(TUIAssessment.Web.Models.FlightViewModel)
DA:36,1
DA:37,1
DA:38,1
DA:39,1
DA:40,1
DA:41,2
DA:42,6
DA:43,1
DA:44,1
DA:45,1
DA:46,1
DA:47,1
DA:48,1
DA:50,1
DA:51,1
FN:54,System.String TUIAssessmentWeb.Controllers.FlightViewModelBuilder::ConvertDurationToTimeString(System.Double)
FNDA:1,System.String TUIAssessmentWeb.Controllers.FlightViewModelBuilder::ConvertDurationToTimeString(System.Double)
DA:55,1
DA:56,1
DA:57,1
DA:58,1
DA:59,1
DA:60,1
FN:62,System.Double TUIAssessmentWeb.Controllers.FlightViewModelBuilder::ConvertTimeStringToDuration(System.String)
FNDA:1,System.Double TUIAssessmentWeb.Controllers.FlightViewModelBuilder::ConvertTimeStringToDuration(System.String)
DA:63,1
DA:64,1
DA:65,1
DA:66,1
DA:67,1
DA:68,1
FN:14,System.Void TUIAssessmentWeb.Controllers.FlightViewModelBuilder::.ctor(TUIAssessmentBusiness.Interfaces.IFlightBusiness,TUIAssessmentBusiness.Interfaces.IAirportBusiness)
FNDA:2,System.Void TUIAssessmentWeb.Controllers.FlightViewModelBuilder::.ctor(TUIAssessmentBusiness.Interfaces.IFlightBusiness,TUIAssessmentBusiness.Interfaces.IAirportBusiness)
DA:15,2
DA:16,2
DA:17,2
DA:18,2
DA:19,2
LF:43
LH:42
BRF:0
BRH:0
FNF:6
FNH:5
end_of_record
SF:C:\Users\achollet\Documents\PersonnalWorkspace\DotNetCore\TUIAssessment\TUIAssessmentBusiness\AirportBusiness.cs
FN:15,TUIAssessmentBusiness.Models.AirportModel TUIAssessmentBusiness.AirportBusiness::GetAirportById(System.Int32)
FNDA:2,TUIAssessmentBusiness.Models.AirportModel TUIAssessmentBusiness.AirportBusiness::GetAirportById(System.Int32)
DA:16,2
FN:17,System.Collections.Generic.IEnumerable`1<TUIAssessmentBusiness.Models.AirportModel> TUIAssessmentBusiness.AirportBusiness::GetAllAirports()
FNDA:1,System.Collections.Generic.IEnumerable`1<TUIAssessmentBusiness.Models.AirportModel> TUIAssessmentBusiness.AirportBusiness::GetAllAirports()
DA:18,1
FN:10,System.Void TUIAssessmentBusiness.AirportBusiness::.ctor(TUIAssessmentBusiness.Interfaces.IAirportRepository)
FNDA:3,System.Void TUIAssessmentBusiness.AirportBusiness::.ctor(TUIAssessmentBusiness.Interfaces.IAirportRepository)
DA:11,3
DA:12,3
DA:13,3
DA:14,3
LF:6
LH:6
BRF:0
BRH:0
FNF:3
FNH:3
end_of_record
SF:C:\Users\achollet\Documents\PersonnalWorkspace\DotNetCore\TUIAssessment\TUIAssessmentBusiness\FlightBusiness.cs
FN:24,TUIAssessmentBusiness.Models.FlightModel TUIAssessmentBusiness.FlightBusiness::CreateFlight(System.Int32,System.Int32)
FNDA:5,TUIAssessmentBusiness.Models.FlightModel TUIAssessmentBusiness.FlightBusiness::CreateFlight(System.Int32,System.Int32)
DA:25,5
DA:26,5
DA:28,5
DA:29,5
DA:31,5
DA:32,5
DA:34,5
DA:35,5
DA:36,5
DA:37,5
DA:38,5
DA:39,5
DA:41,5
DA:43,5
DA:45,5
DA:46,5
BRDA:31,36,0,0
BRDA:31,36,1,5
BRDA:32,53,0,0
BRDA:32,53,1,5
BRDA:34,68,0,5
BRDA:34,68,1,0
BRDA:34,79,0,5
BRDA:34,79,1,5
FN:47,System.Collections.Generic.IEnumerable`1<TUIAssessmentBusiness.Models.FlightModel> TUIAssessmentBusiness.FlightBusiness::GetAllFlights()
FNDA:1,System.Collections.Generic.IEnumerable`1<TUIAssessmentBusiness.Models.FlightModel> TUIAssessmentBusiness.FlightBusiness::GetAllFlights()
DA:48,1
FN:49,System.Boolean TUIAssessmentBusiness.FlightBusiness::DeleteFlightById(System.Int32)
FNDA:1,System.Boolean TUIAssessmentBusiness.FlightBusiness::DeleteFlightById(System.Int32)
DA:50,1
FN:51,TUIAssessmentBusiness.Models.FlightModel TUIAssessmentBusiness.FlightBusiness::UpdateFlight(TUIAssessmentBusiness.Models.FlightModel)
FNDA:1,TUIAssessmentBusiness.Models.FlightModel TUIAssessmentBusiness.FlightBusiness::UpdateFlight(TUIAssessmentBusiness.Models.FlightModel)
DA:52,1
FN:13,System.Void TUIAssessmentBusiness.FlightBusiness::.ctor(TUIAssessmentBusiness.Interfaces.IAirportBusiness,TUIAssessmentBusiness.Interfaces.IFlightService,TUIAssessmentBusiness.Interfaces.IFlightRepository)
FNDA:8,System.Void TUIAssessmentBusiness.FlightBusiness::.ctor(TUIAssessmentBusiness.Interfaces.IAirportBusiness,TUIAssessmentBusiness.Interfaces.IFlightService,TUIAssessmentBusiness.Interfaces.IFlightRepository)
DA:14,8
DA:15,8
DA:17,8
DA:18,8
DA:19,8
DA:20,8
DA:21,8
DA:22,8
LF:27
LH:27
BRF:8
BRH:5
FNF:5
FNH:5
end_of_record
SF:C:\Users\achollet\Documents\PersonnalWorkspace\DotNetCore\TUIAssessment\TUIAssessmentBusiness\IServiceCollectionExtension.cs
FN:9,Microsoft.Extensions.DependencyInjection.IServiceCollection TUIAssessmentBusiness.IServiceCollectionExtension::AddTUIAssessmentBusinessExtension(Microsoft.Extensions.DependencyInjection.IServiceCollection)
FNDA:0,Microsoft.Extensions.DependencyInjection.IServiceCollection TUIAssessmentBusiness.IServiceCollectionExtension::AddTUIAssessmentBusinessExtension(Microsoft.Extensions.DependencyInjection.IServiceCollection)
DA:10,0
DA:11,0
DA:12,0
DA:13,0
DA:14,0
DA:15,0
LF:6
LH:0
BRF:0
BRH:0
FNF:1
FNH:0
end_of_record
SF:C:\Users\achollet\Documents\PersonnalWorkspace\DotNetCore\TUIAssessment\TUIAssessmentBusiness\Services\FlightService.cs
FN:18,System.Double TUIAssessmentBusiness.Services.FlightService::CalculateDistanceWithHaversineFormulae(TUIAssessmentBusiness.Models.CoordinatesModel,TUIAssessmentBusiness.Models.CoordinatesModel)
FNDA:6,System.Double TUIAssessmentBusiness.Services.FlightService::CalculateDistanceWithHaversineFormulae(TUIAssessmentBusiness.Models.CoordinatesModel,TUIAssessmentBusiness.Models.CoordinatesModel)
DA:19,6
DA:20,6
DA:22,6
DA:23,6
FN:31,System.Double TUIAssessmentBusiness.Services.FlightService::CalculateDistanceWithVicentyFormulae(TUIAssessmentBusiness.Models.CoordinatesModel,TUIAssessmentBusiness.Models.CoordinatesModel)
FNDA:0,System.Double TUIAssessmentBusiness.Services.FlightService::CalculateDistanceWithVicentyFormulae(TUIAssessmentBusiness.Models.CoordinatesModel,TUIAssessmentBusiness.Models.CoordinatesModel)
DA:32,0
DA:33,0
DA:35,0
DA:36,0
FN:45,System.Double TUIAssessmentBusiness.Services.FlightService::CalculateFuelVolumeForFlight(System.Double,System.Double,System.Double)
FNDA:1,System.Double TUIAssessmentBusiness.Services.FlightService::CalculateFuelVolumeForFlight(System.Double,System.Double,System.Double)
DA:46,1
DA:47,1
DA:48,1
FN:56,System.Double TUIAssessmentBusiness.Services.FlightService::CalculateTimeOfFlight(System.Double,System.Double)
FNDA:1,System.Double TUIAssessmentBusiness.Services.FlightService::CalculateTimeOfFlight(System.Double,System.Double)
DA:57,1
DA:58,1
DA:59,1
FN:63,System.Double TUIAssessmentBusiness.Services.FlightService::HaversineFormulae(TUIAssessmentBusiness.Models.CoordinatesModel,TUIAssessmentBusiness.Models.CoordinatesModel)
FNDA:6,System.Double TUIAssessmentBusiness.Services.FlightService::HaversineFormulae(TUIAssessmentBusiness.Models.CoordinatesModel,TUIAssessmentBusiness.Models.CoordinatesModel)
DA:64,6
DA:65,6
DA:66,6
DA:68,6
DA:70,6
DA:71,6
FN:73,System.Double TUIAssessmentBusiness.Services.FlightService::VicentyFormulae(TUIAssessmentBusiness.Models.CoordinatesModel,TUIAssessmentBusiness.Models.CoordinatesModel)
FNDA:0,System.Double TUIAssessmentBusiness.Services.FlightService::VicentyFormulae(TUIAssessmentBusiness.Models.CoordinatesModel,TUIAssessmentBusiness.Models.CoordinatesModel)
DA:74,0
DA:75,0
DA:77,0
DA:79,0
DA:81,0
DA:83,0
DA:84,0
FN:8,System.Void TUIAssessmentBusiness.Services.FlightService::.ctor()
FNDA:8,System.Void TUIAssessmentBusiness.Services.FlightService::.ctor()
DA:9,8
DA:10,8
FN:96,System.Double TUIAssessmentBusiness.Services.NumericExtensions::ToRadians(System.Double)
FNDA:36,System.Double TUIAssessmentBusiness.Services.NumericExtensions::ToRadians(System.Double)
DA:97,36
DA:98,36
DA:99,36
LF:32
LH:21
BRF:0
BRH:0
FNF:8
FNH:6
end_of_record
SF:C:\Users\achollet\Documents\PersonnalWorkspace\DotNetCore\TUIAssessment\TUIAssessmentBusiness\Models\AirportModel.cs
FN:4,System.Int32 TUIAssessmentBusiness.Models.AirportModel::get_Id()
FNDA:269,System.Int32 TUIAssessmentBusiness.Models.AirportModel::get_Id()
DA:5,269
FN:5,System.String TUIAssessmentBusiness.Models.AirportModel::get_Code()
FNDA:243,System.String TUIAssessmentBusiness.Models.AirportModel::get_Code()
DA:6,243
FN:6,System.String TUIAssessmentBusiness.Models.AirportModel::get_Name()
FNDA:231,System.String TUIAssessmentBusiness.Models.AirportModel::get_Name()
DA:7,231
FN:7,TUIAssessmentBusiness.Models.CoordinatesModel TUIAssessmentBusiness.Models.AirportModel::get_Coordinates()
FNDA:233,TUIAssessmentBusiness.Models.CoordinatesModel TUIAssessmentBusiness.Models.AirportModel::get_Coordinates()
DA:8,233
FN:8,System.Double TUIAssessmentBusiness.Models.AirportModel::get_TakeOffEffort()
FNDA:70,System.Double TUIAssessmentBusiness.Models.AirportModel::get_TakeOffEffort()
DA:9,70
LF:5
LH:5
BRF:0
BRH:0
FNF:5
FNH:5
end_of_record
SF:C:\Users\achollet\Documents\PersonnalWorkspace\DotNetCore\TUIAssessment\TUIAssessmentBusiness\Models\CoordinatesModel.cs
FN:4,System.Double TUIAssessmentBusiness.Models.CoordinatesModel::get_Latitude()
FNDA:259,System.Double TUIAssessmentBusiness.Models.CoordinatesModel::get_Latitude()
DA:5,259
FN:5,System.Double TUIAssessmentBusiness.Models.CoordinatesModel::get_Longitude()
FNDA:247,System.Double TUIAssessmentBusiness.Models.CoordinatesModel::get_Longitude()
DA:6,247
FN:7,System.Void TUIAssessmentBusiness.Models.CoordinatesModel::.ctor(System.Double,System.Double)
FNDA:235,System.Void TUIAssessmentBusiness.Models.CoordinatesModel::.ctor(System.Double,System.Double)
DA:8,235
DA:9,235
DA:10,235
DA:11,235
DA:12,235
LF:7
LH:7
BRF:0
BRH:0
FNF:3
FNH:3
end_of_record
SF:C:\Users\achollet\Documents\PersonnalWorkspace\DotNetCore\TUIAssessment\TUIAssessmentBusiness\Models\FlightModel.cs
FN:6,System.Int32 TUIAssessmentBusiness.Models.FlightModel::get_ID()
FNDA:112,System.Int32 TUIAssessmentBusiness.Models.FlightModel::get_ID()
DA:7,112
FN:7,TUIAssessmentBusiness.Models.AirportModel TUIAssessmentBusiness.Models.FlightModel::get_DepartureAirport()
FNDA:100,TUIAssessmentBusiness.Models.AirportModel TUIAssessmentBusiness.Models.FlightModel::get_DepartureAirport()
DA:8,100
FN:8,TUIAssessmentBusiness.Models.AirportModel TUIAssessmentBusiness.Models.FlightModel::get_ArrivalAirport()
FNDA:100,TUIAssessmentBusiness.Models.AirportModel TUIAssessmentBusiness.Models.FlightModel::get_ArrivalAirport()
DA:9,100
FN:9,System.Double TUIAssessmentBusiness.Models.FlightModel::get_Distance()
FNDA:102,System.Double TUIAssessmentBusiness.Models.FlightModel::get_Distance()
DA:10,102
FN:10,System.Double TUIAssessmentBusiness.Models.FlightModel::get_Carburant()
FNDA:90,System.Double TUIAssessmentBusiness.Models.FlightModel::get_Carburant()
DA:11,90
FN:11,System.Double TUIAssessmentBusiness.Models.FlightModel::get_Duration()
FNDA:90,System.Double TUIAssessmentBusiness.Models.FlightModel::get_Duration()
DA:12,90
FN:12,System.DateTime TUIAssessmentBusiness.Models.FlightModel::get_Creation()
FNDA:11,System.DateTime TUIAssessmentBusiness.Models.FlightModel::get_Creation()
DA:13,11
FN:13,System.DateTime TUIAssessmentBusiness.Models.FlightModel::get_Update()
FNDA:1,System.DateTime TUIAssessmentBusiness.Models.FlightModel::get_Update()
DA:14,1
LF:8
LH:8
BRF:0
BRH:0
FNF:8
FNH:8
end_of_record